<?xml version="1.0" encoding="UTF-8"?>
<!-- Generated by org.testng.reporters.JUnitReportReporter -->
<testsuite hostname="DESKTOP-I4STILT" failures="0" tests="2" name="Auto_test.topic_04" time="14.859" errors="0" timestamp="08 thg 4 2023 15:09:41 GMT" skipped="0">
  <testcase classname="Auto_test.topic_04" name="TC_02_Run_Chrome" time="4.263"/>
  <testcase classname="Auto_test.topic_04" name="TC_01_Run_Firefox" time="10.596"/>
</testsuite> <!-- Auto_test.topic_04 -->
