<?xml version="1.0" encoding="UTF-8"?>
<!-- Generated by org.testng.reporters.JUnitReportReporter -->
<testsuite hostname="DESKTOP-I4STILT" failures="0" tests="6" name="Auto_test.topic_03" time="12.183" errors="0" timestamp="07 thg 4 2023 14:11:40 GMT" skipped="0">
  <testcase classname="Auto_test.topic_03" name="TC_06_Invalid_Phone" time="1.773"/>
  <testcase classname="Auto_test.topic_03" name="TC_01_Empty_Data1" time="3.951"/>
  <testcase classname="Auto_test.topic_03" name="TC_04_Invalid_Password" time="1.403"/>
  <testcase classname="Auto_test.topic_03" name="TC_02_Invalid_Email1" time="1.786"/>
  <testcase classname="Auto_test.topic_03" name="TC_05_Incorrect_Password" time="1.587"/>
  <testcase classname="Auto_test.topic_03" name="TC_03_Incorrect_Email1" time="1.683"/>
</testsuite> <!-- Auto_test.topic_03 -->
