<?xml version="1.0" encoding="UTF-8"?>
<!-- Generated by org.testng.reporters.JUnitReportReporter -->
<testsuite hostname="DESKTOP-I4STILT" failures="0" tests="3" name="Auto_test.test2" time="0.174" errors="0" timestamp="07 thg 4 2023 13:49:16 GMT" skipped="0">
  <testcase classname="Auto_test.test2" name="TC_02_Logo" time="0.076"/>
  <testcase classname="Auto_test.test2" name="TC_03_Form" time="0.060"/>
  <testcase classname="Auto_test.test2" name="TC_01_Url" time="0.038"/>
</testsuite> <!-- Auto_test.test2 -->
