<?xml version="1.0" encoding="UTF-8"?>
<!-- Generated by org.testng.reporters.JUnitReportReporter -->
<testsuite hostname="DESKTOP-I4STILT" failures="0" tests="4" name="Auto_test.topic_05_webBrowser" time="37.871" errors="0" timestamp="09 thg 4 2023 03:11:36 GMT" skipped="0">
  <testcase classname="Auto_test.topic_05_webBrowser" name="Verify_Title" time="8.569"/>
  <testcase classname="Auto_test.topic_05_webBrowser" name="Navigate_funtion" time="14.545"/>
  <testcase classname="Auto_test.topic_05_webBrowser" name="get_page_source_code" time="6.384"/>
  <testcase classname="Auto_test.topic_05_webBrowser" name="TC_01_Verify_Url" time="8.373"/>
</testsuite> <!-- Auto_test.topic_05_webBrowser -->
